  msscmp.c
C:\Users\yuki\Desktop\C#\MCSE-Editor\res\msscmp.c(64,23): warning C4018: '<': signed と unsigned の数値を比較しようとしました。
C:\Users\yuki\Desktop\C#\MCSE-Editor\res\msscmp.c(73,32): warning C4047: '関数': 間接参照のレベルが 'FILE **' と 'char *' で異なっています。
C:\Users\yuki\Desktop\C#\MCSE-Editor\res\msscmp.c(73,32): warning C4024: 'fopen_s': の型が 1 の仮引数および実引数と異なります。
C:\Users\yuki\Desktop\C#\MCSE-Editor\res\msscmp.c(73,37): error C2198: 'fopen_s': 呼び出しに対する引数が少なすぎます。
C:\Users\yuki\Desktop\C#\MCSE-Editor\res\msscmp.c(73,1): warning C4047: '初期化中': 間接参照のレベルが 'FILE *' と 'errno_t' で異なっています。
C:\Users\yuki\Desktop\C#\MCSE-Editor\res\msscmp.c(85,32): warning C4047: '関数': 間接参照のレベルが 'FILE **' と 'char *' で異なっています。
C:\Users\yuki\Desktop\C#\MCSE-Editor\res\msscmp.c(85,32): warning C4024: 'fopen_s': の型が 1 の仮引数および実引数と異なります。
C:\Users\yuki\Desktop\C#\MCSE-Editor\res\msscmp.c(85,37): error C2198: 'fopen_s': 呼び出しに対する引数が少なすぎます。
C:\Users\yuki\Desktop\C#\MCSE-Editor\res\msscmp.c(85,1): warning C4047: '初期化中': 間接参照のレベルが 'FILE *' と 'errno_t' で異なっています。
C:\Users\yuki\Desktop\C#\MCSE-Editor\res\msscmp.c(105,27): warning C4090: '関数': 異なる 'const' 修飾子です。
C:\Users\yuki\Desktop\C#\MCSE-Editor\res\msscmp.c(105,33): error C2198: 'fopen_s': 呼び出しに対する引数が少なすぎます。
C:\Users\yuki\Desktop\C#\MCSE-Editor\res\msscmp.c(105,34): warning C4047: '=': 間接参照のレベルが 'FILE *' と 'errno_t' で異なっています。
C:\Users\yuki\Desktop\C#\MCSE-Editor\res\msscmp.c(119,19): warning C4018: '<': signed と unsigned の数値を比較しようとしました。
C:\Users\yuki\Desktop\C#\MCSE-Editor\res\msscmp.c(143,28): warning C4047: '関数': 間接参照のレベルが 'rsize_t' と 'char [5]' で異なっています。
C:\Users\yuki\Desktop\C#\MCSE-Editor\res\msscmp.c(143,28): warning C4024: 'strcat_s': の型が 2 の仮引数および実引数と異なります。
C:\Users\yuki\Desktop\C#\MCSE-Editor\res\msscmp.c(143,28): error C2198: 'strcat_s': 呼び出しに対する引数が少なすぎます。
C:\Users\yuki\Desktop\C#\MCSE-Editor\res\msscmp.c(144,33): warning C4047: '関数': 間接参照のレベルが 'rsize_t' と 'char [300]' で異なっています。
C:\Users\yuki\Desktop\C#\MCSE-Editor\res\msscmp.c(144,33): warning C4024: 'strcat_s': の型が 2 の仮引数および実引数と異なります。
C:\Users\yuki\Desktop\C#\MCSE-Editor\res\msscmp.c(144,33): error C2198: 'strcat_s': 呼び出しに対する引数が少なすぎます。
C:\Users\yuki\Desktop\C#\MCSE-Editor\res\msscmp.c(145,25): warning C4047: '関数': 間接参照のレベルが 'rsize_t' と 'char [2]' で異なっています。
C:\Users\yuki\Desktop\C#\MCSE-Editor\res\msscmp.c(145,25): warning C4024: 'strcat_s': の型が 2 の仮引数および実引数と異なります。
C:\Users\yuki\Desktop\C#\MCSE-Editor\res\msscmp.c(145,25): error C2198: 'strcat_s': 呼び出しに対する引数が少なすぎます。
C:\Users\yuki\Desktop\C#\MCSE-Editor\res\msscmp.c(146,33): warning C4047: '関数': 間接参照のレベルが 'rsize_t' と 'char [300]' で異なっています。
C:\Users\yuki\Desktop\C#\MCSE-Editor\res\msscmp.c(146,33): warning C4024: 'strcat_s': の型が 2 の仮引数および実引数と異なります。
C:\Users\yuki\Desktop\C#\MCSE-Editor\res\msscmp.c(146,33): error C2198: 'strcat_s': 呼び出しに対する引数が少なすぎます。
C:\Users\yuki\Desktop\C#\MCSE-Editor\res\msscmp.c(148,23): warning C4018: '<': signed と unsigned の数値を比較しようとしました。
C:\Users\yuki\Desktop\C#\MCSE-Editor\res\msscmp.c(155,33): warning C4047: '関数': 間接参照のレベルが 'rsize_t' と 'char [5]' で異なっています。
C:\Users\yuki\Desktop\C#\MCSE-Editor\res\msscmp.c(155,33): warning C4024: 'strcpy_s': の型が 2 の仮引数および実引数と異なります。
C:\Users\yuki\Desktop\C#\MCSE-Editor\res\msscmp.c(155,33): error C2198: 'strcpy_s': 呼び出しに対する引数が少なすぎます。
C:\Users\yuki\Desktop\C#\MCSE-Editor\res\msscmp.c(158,43): warning C4047: '関数': 間接参照のレベルが 'rsize_t' と 'char *' で異なっています。
C:\Users\yuki\Desktop\C#\MCSE-Editor\res\msscmp.c(158,43): warning C4024: 'strcat_s': の型が 2 の仮引数および実引数と異なります。
C:\Users\yuki\Desktop\C#\MCSE-Editor\res\msscmp.c(158,43): error C2198: 'strcat_s': 呼び出しに対する引数が少なすぎます。
C:\Users\yuki\Desktop\C#\MCSE-Editor\res\msscmp.c(159,34): warning C4047: '関数': 間接参照のレベルが 'rsize_t' と 'char [2]' で異なっています。
C:\Users\yuki\Desktop\C#\MCSE-Editor\res\msscmp.c(159,34): warning C4024: 'strcat_s': の型が 2 の仮引数および実引数と異なります。
C:\Users\yuki\Desktop\C#\MCSE-Editor\res\msscmp.c(159,34): error C2198: 'strcat_s': 呼び出しに対する引数が少なすぎます。
C:\Users\yuki\Desktop\C#\MCSE-Editor\res\msscmp.c(163,37): warning C4047: '関数': 間接参照のレベルが 'FILE **' と 'char [600]' で異なっています。
C:\Users\yuki\Desktop\C#\MCSE-Editor\res\msscmp.c(163,37): warning C4024: 'fopen_s': の型が 1 の仮引数および実引数と異なります。
C:\Users\yuki\Desktop\C#\MCSE-Editor\res\msscmp.c(163,43): error C2198: 'fopen_s': 呼び出しに対する引数が少なすぎます。
C:\Users\yuki\Desktop\C#\MCSE-Editor\res\msscmp.c(163,44): warning C4047: '=': 間接参照のレベルが 'FILE *' と 'errno_t' で異なっています。
C:\Users\yuki\Desktop\C#\MCSE-Editor\res\msscmp.c(167,67): warning C4047: '関数': 間接参照のレベルが 'char *' と 'int' で異なっています。
C:\Users\yuki\Desktop\C#\MCSE-Editor\res\msscmp.c(167,67): warning C4024: 'strerror_s': の型が 1 の仮引数および実引数と異なります。
C:\Users\yuki\Desktop\C#\MCSE-Editor\res\msscmp.c(167,67): error C2198: 'strerror_s': 呼び出しに対する引数が少なすぎます。
C:\Users\yuki\Desktop\C#\MCSE-Editor\res\msscmp.c(167,20): warning C4477: 'printf' : 書式文字列 '%s' には、型 'char *' の引数が必要ですが、可変個引数 1 は型 'errno_t' です
